This file contains any messages produced by compilers while
running configure, to aid debugging if configure makes a mistake.

It was created by curl configure -, which was
generated by GNU Autoconf 2.71.  Invocation command line was

  $ ./configure

## --------- ##
## Platform. ##
## --------- ##

hostname = archlinux
uname -m = x86_64
uname -r = 6.5.5-zen1-1-zen
uname -s = Linux
uname -v = #1 ZEN SMP PREEMPT_DYNAMIC Sat, 23 Sep 2023 22:54:46 +0000

/usr/bin/uname -p = unknown
/bin/uname -X     = unknown

/bin/arch              = unknown
/usr/bin/arch -k       = unknown
/usr/convex/getsysinfo = unknown
/usr/bin/hostinfo      = unknown
/bin/machine           = unknown
/usr/bin/oslevel       = unknown
/bin/universe          = unknown

PATH: /home/hush-lee/.config/emacs/bin/
PATH: /usr/local/bin/
PATH: /usr/bin/
PATH: /bin/
PATH: /usr/local/sbin/
PATH: /usr/lib/jvm/default/bin/
PATH: /usr/bin/site_perl/
PATH: /usr/bin/vendor_perl/
PATH: /usr/bin/core_perl/


## ----------- ##
## Core tests. ##
## ----------- ##

configure:3328: looking for aux files: ltmain.sh config.guess config.sub missing compile install-sh
configure:3341:  trying ./
configure:3370:   ./ltmain.sh found
configure:3370:   ./config.guess found
configure:3370:   ./config.sub found
configure:3370:   ./missing found
configure:3370:   ./compile found
configure:3352:   ./install-sh found
configure:3496: checking whether to enable maintainer-specific portions of Makefiles
configure:3506: result: no
configure:3531: checking whether make supports nested variables
configure:3549: result: yes
configure:3562: checking whether to enable debug build options
configure:3585: result: no
configure:3589: checking whether to enable compiler optimizer
configure:3611: result: (assumed) yes
configure:3623: checking whether to enable strict compiler warnings
configure:3643: result: no
configure:3647: checking whether to enable compiler warnings as errors
configure:3667: result: no
configure:3671: checking whether to enable curl debug memory tracking
configure:3694: result: no
configure:3711: checking whether to enable hiding of library internal symbols
configure:3728: result: yes
configure:3739: checking whether to enable c-ares for DNS lookups
configure:3762: result: no
configure:3766: checking whether to disable dependency on -lrt
configure:3783: result: (assumed no)
configure:3794: checking whether to enable ECH support
configure:3813: result: no
configure:3844: checking for path separator
configure:3846: result: :
configure:3866: checking for sed
configure:3890: found /usr/bin/sed
configure:3903: result: /usr/bin/sed
configure:3920: checking for grep
configure:3944: found /usr/bin/grep
configure:3957: result: /usr/bin/grep
configure:3972: checking that grep -E works
configure:3976: result: yes
configure:4088: checking for ar
configure:4112: found /usr/bin/ar
configure:4124: result: /usr/bin/ar
configure:4345: checking for a BSD-compatible install
configure:4418: result: /usr/bin/install -c
configure:4495: checking for gcc
configure:4516: found /usr/bin/gcc
configure:4527: result: gcc
configure:4880: checking for C compiler version
configure:4889: gcc --version >&5
gcc (GCC) 13.2.1 20230801
Copyright (C) 2023 Free Software Foundation, Inc.
This is free software; see the source for copying conditions.  There is NO
warranty; not even for MERCHANTABILITY or FITNESS FOR A PARTICULAR PURPOSE.

configure:4900: $? = 0
configure:4889: gcc -v >&5
Using built-in specs.
COLLECT_GCC=gcc
COLLECT_LTO_WRAPPER=/usr/lib/gcc/x86_64-pc-linux-gnu/13.2.1/lto-wrapper
Target: x86_64-pc-linux-gnu
Configured with: /build/gcc/src/gcc/configure --enable-languages=ada,c,c++,d,fortran,go,lto,objc,obj-c++ --enable-bootstrap --prefix=/usr --libdir=/usr/lib --libexecdir=/usr/lib --mandir=/usr/share/man --infodir=/usr/share/info --with-bugurl=https://bugs.archlinux.org/ --with-build-config=bootstrap-lto --with-linker-hash-style=gnu --with-system-zlib --enable-__cxa_atexit --enable-cet=auto --enable-checking=release --enable-clocale=gnu --enable-default-pie --enable-default-ssp --enable-gnu-indirect-function --enable-gnu-unique-object --enable-libstdcxx-backtrace --enable-link-serialization=1 --enable-linker-build-id --enable-lto --enable-multilib --enable-plugin --enable-shared --enable-threads=posix --disable-libssp --disable-libstdcxx-pch --disable-werror
Thread model: posix
Supported LTO compression algorithms: zlib zstd
gcc version 13.2.1 20230801 (GCC) 
configure:4900: $? = 0
configure:4889: gcc -V >&5
gcc: error: unrecognized command-line option '-V'
gcc: fatal error: no input files
compilation terminated.
configure:4900: $? = 1
configure:4889: gcc -qversion >&5
gcc: error: unrecognized command-line option '-qversion'; did you mean '--version'?
gcc: fatal error: no input files
compilation terminated.
configure:4900: $? = 1
configure:4889: gcc -version >&5
gcc: error: unrecognized command-line option '-version'
gcc: fatal error: no input files
compilation terminated.
configure:4900: $? = 1
configure:4919: checking whether the C compiler works
configure:4941: gcc    conftest.c  >&5
configure:4945: $? = 0
configure:4995: result: yes
configure:4998: checking for C compiler default output file name
configure:5000: result: a.out
configure:5006: checking for suffix of executables
configure:5013: gcc -o conftest    conftest.c  >&5
configure:5017: $? = 0
configure:5040: result: 
configure:5061: checking whether we are cross compiling
configure:5069: gcc -o conftest    conftest.c  >&5
configure:5073: $? = 0
configure:5080: ./conftest
configure:5084: $? = 0
configure:5099: result: no
configure:5104: checking for suffix of object files
configure:5126: gcc -c   conftest.c >&5
configure:5130: $? = 0
configure:5152: result: o
configure:5156: checking whether the compiler supports GNU C
configure:5175: gcc -c   conftest.c >&5
configure:5175: $? = 0
configure:5185: result: yes
configure:5196: checking whether gcc accepts -g
configure:5216: gcc -c -g  conftest.c >&5
configure:5216: $? = 0
configure:5258: result: yes
configure:5278: checking for gcc option to enable C11 features
configure:5293: gcc  -c -g -O2  conftest.c >&5
configure:5293: $? = 0
configure:5311: result: none needed
configure:5427: checking whether gcc understands -c and -o together
configure:5449: gcc -c conftest.c -o conftest2.o
configure:5452: $? = 0
configure:5449: gcc -c conftest.c -o conftest2.o
configure:5452: $? = 0
configure:5464: result: yes
configure:5487: checking how to run the C preprocessor
configure:5513: gcc -E  conftest.c
configure:5513: $? = 0
configure:5528: gcc -E  conftest.c
conftest.c:9:10: fatal error: ac_nonexistent.h: No such file or directory
    9 | #include <ac_nonexistent.h>
      |          ^~~~~~~~~~~~~~~~~~
compilation terminated.
configure:5528: $? = 1
configure: failed program was:
| /* confdefs.h */
| #define PACKAGE_NAME "curl"
| #define PACKAGE_TARNAME "curl"
| #define PACKAGE_VERSION "-"
| #define PACKAGE_STRING "curl -"
| #define PACKAGE_BUGREPORT "a suitable curl mailing list: https://curl.se/mail/"
| #define PACKAGE_URL ""
| /* end confdefs.h.  */
| #include <ac_nonexistent.h>
configure:5555: result: gcc -E
configure:5569: gcc -E  conftest.c
configure:5569: $? = 0
configure:5584: gcc -E  conftest.c
conftest.c:9:10: fatal error: ac_nonexistent.h: No such file or directory
    9 | #include <ac_nonexistent.h>
      |          ^~~~~~~~~~~~~~~~~~
compilation terminated.
configure:5584: $? = 1
configure: failed program was:
| /* confdefs.h */
| #define PACKAGE_NAME "curl"
| #define PACKAGE_TARNAME "curl"
| #define PACKAGE_VERSION "-"
| #define PACKAGE_STRING "curl -"
| #define PACKAGE_BUGREPORT "a suitable curl mailing list: https://curl.se/mail/"
| #define PACKAGE_URL ""
| /* end confdefs.h.  */
| #include <ac_nonexistent.h>
configure:5630: checking for stdio.h
configure:5630: gcc -c   conftest.c >&5
configure:5630: $? = 0
configure:5630: result: yes
configure:5630: checking for stdlib.h
configure:5630: gcc -c   conftest.c >&5
configure:5630: $? = 0
configure:5630: result: yes
configure:5630: checking for string.h
configure:5630: gcc -c   conftest.c >&5
configure:5630: $? = 0
configure:5630: result: yes
configure:5630: checking for inttypes.h
configure:5630: gcc -c   conftest.c >&5
configure:5630: $? = 0
configure:5630: result: yes
configure:5630: checking for stdint.h
configure:5630: gcc -c   conftest.c >&5
configure:5630: $? = 0
configure:5630: result: yes
configure:5630: checking for strings.h
configure:5630: gcc -c   conftest.c >&5
configure:5630: $? = 0
configure:5630: result: yes
configure:5630: checking for sys/stat.h
configure:5630: gcc -c   conftest.c >&5
configure:5630: $? = 0
configure:5630: result: yes
configure:5630: checking for sys/types.h
configure:5630: gcc -c   conftest.c >&5
configure:5630: $? = 0
configure:5630: result: yes
configure:5630: checking for unistd.h
configure:5630: gcc -c   conftest.c >&5
configure:5630: $? = 0
configure:5630: result: yes
configure:5658: checking for stdatomic.h
configure:5658: gcc -c   conftest.c >&5
configure:5658: $? = 0
configure:5658: result: yes
configure:5663: checking if _Atomic is available
configure:5682: gcc -o conftest    conftest.c  >&5
configure:5682: $? = 0
configure:5685: result: yes
configure:5707: checking for a sed that does not truncate output
configure:5777: result: /usr/bin/sed
configure:5785: checking for code coverage support
configure:5801: result: no
configure:5966: checking whether build environment is sane
configure:6021: result: yes
configure:6176: checking for a race-free mkdir -p
configure:6220: result: /usr/bin/mkdir -p
configure:6227: checking for gawk
configure:6248: found /usr/bin/gawk
configure:6259: result: gawk
configure:6270: checking whether make sets $(MAKE)
configure:6293: result: yes
configure:6315: checking whether make supports the include directive
configure:6330: make -f confmf.GNU && cat confinc.out
make[1]: Entering directory '/home/hush-lee/Workspace/LinuxCode/DownloadClient/lib/curl-8.3.0'
make[1]: Leaving directory '/home/hush-lee/Workspace/LinuxCode/DownloadClient/lib/curl-8.3.0'
this is the am__doit target
configure:6333: $? = 0
configure:6352: result: yes (GNU style)
configure:6449: checking dependency style of gcc
configure:6561: result: gcc3
configure:6638: checking curl version
configure:6640: result: 8.3.0
configure:6936: checking for httpd
configure:6974: result: no
configure:6982: checking for apache2
configure:7020: result: no
configure:7028: checking for apachectl
configure:7066: result: no
configure:7073: checking for apxs
configure:7111: result: no
configure:7117: httpd/apache2 not in PATH, http tests disabled
configure:7122: apxs not in PATH, http tests disabled
configure:7162: checking for nghttpx
configure:7201: result: no
configure:7214: checking for caddy
configure:7252: result: no
configure:7262: error: select TLS backend(s) or disable TLS with --without-ssl.

Select from these:

  --with-amissl
  --with-bearssl
  --with-gnutls
  --with-mbedtls
  --with-openssl (also works for BoringSSL and libressl)
  --with-rustls
  --with-schannel
  --with-secure-transport
  --with-wolfssl


## ---------------- ##
## Cache variables. ##
## ---------------- ##

ac_cv_c_compiler_gnu=yes
ac_cv_env_CC_set=
ac_cv_env_CC_value=
ac_cv_env_CFLAGS_set=
ac_cv_env_CFLAGS_value=
ac_cv_env_CPPFLAGS_set=
ac_cv_env_CPPFLAGS_value=
ac_cv_env_CPP_set=
ac_cv_env_CPP_value=
ac_cv_env_LDFLAGS_set=
ac_cv_env_LDFLAGS_value=
ac_cv_env_LIBS_set=
ac_cv_env_LIBS_value=
ac_cv_env_LT_SYS_LIBRARY_PATH_set=
ac_cv_env_LT_SYS_LIBRARY_PATH_value=
ac_cv_env_build_alias_set=
ac_cv_env_build_alias_value=
ac_cv_env_host_alias_set=
ac_cv_env_host_alias_value=
ac_cv_env_target_alias_set=
ac_cv_env_target_alias_value=
ac_cv_header_inttypes_h=yes
ac_cv_header_stdatomic_h=yes
ac_cv_header_stdint_h=yes
ac_cv_header_stdio_h=yes
ac_cv_header_stdlib_h=yes
ac_cv_header_string_h=yes
ac_cv_header_strings_h=yes
ac_cv_header_sys_stat_h=yes
ac_cv_header_sys_types_h=yes
ac_cv_header_unistd_h=yes
ac_cv_objext=o
ac_cv_path_GREP=/usr/bin/grep
ac_cv_path_SED=/usr/bin/sed
ac_cv_path_ac_pt_AR=/usr/bin/ar
ac_cv_path_install='/usr/bin/install -c'
ac_cv_path_mkdir=/usr/bin/mkdir
ac_cv_prog_AWK=gawk
ac_cv_prog_CPP='gcc -E'
ac_cv_prog_ac_ct_CC=gcc
ac_cv_prog_cc_c11=
ac_cv_prog_cc_g=yes
ac_cv_prog_cc_stdc=
ac_cv_prog_make_make_set=yes
am_cv_CC_dependencies_compiler_type=gcc3
am_cv_make_support_nested_variables=yes
am_cv_prog_cc_c_o=yes

## ----------------- ##
## Output variables. ##
## ----------------- ##

ACLOCAL='${SHELL} '\''/home/hush-lee/Workspace/LinuxCode/DownloadClient/lib/curl-8.3.0/missing'\'' aclocal-1.16'
AMDEPBACKSLASH='\'
AMDEP_FALSE='#'
AMDEP_TRUE=''
AMTAR='$${TAR-tar}'
AM_BACKSLASH='\'
AM_DEFAULT_V='$(AM_DEFAULT_VERBOSITY)'
AM_DEFAULT_VERBOSITY='0'
AM_V='$(V)'
APACHECTL=''
APXS=''
AR='/usr/bin/ar'
AR_FLAGS=''
AS=''
AUTOCONF='${SHELL} '\''/home/hush-lee/Workspace/LinuxCode/DownloadClient/lib/curl-8.3.0/missing'\'' autoconf'
AUTOHEADER='${SHELL} '\''/home/hush-lee/Workspace/LinuxCode/DownloadClient/lib/curl-8.3.0/missing'\'' autoheader'
AUTOMAKE='${SHELL} '\''/home/hush-lee/Workspace/LinuxCode/DownloadClient/lib/curl-8.3.0/missing'\'' automake-1.16'
AWK='gawk'
BLANK_AT_MAKETIME=''
BUILD_LIBHOSTNAME_FALSE=''
BUILD_LIBHOSTNAME_TRUE=''
BUILD_STUB_GSS_FALSE=''
BUILD_STUB_GSS_TRUE=''
BUILD_UNITTESTS_FALSE=''
BUILD_UNITTESTS_TRUE=''
CADDY=''
CC='gcc'
CCDEPMODE='depmode=gcc3'
CFLAGS=''
CFLAG_CURL_SYMBOL_HIDING=''
CONFIGURE_OPTIONS='""'
CPP='gcc -E'
CPPFLAGS=''
CPPFLAG_CURL_STATICLIB=''
CROSSCOMPILING_FALSE=''
CROSSCOMPILING_TRUE=''
CSCOPE='cscope'
CTAGS='ctags'
CURLDEBUG_FALSE=''
CURLDEBUG_TRUE=''
CURLVERSION='8.3.0'
CURL_CA_BUNDLE=''
CURL_CFLAG_EXTRAS=''
CURL_DISABLE_DICT=''
CURL_DISABLE_FILE=''
CURL_DISABLE_FTP=''
CURL_DISABLE_GOPHER=''
CURL_DISABLE_HTTP=''
CURL_DISABLE_IMAP=''
CURL_DISABLE_LDAP=''
CURL_DISABLE_LDAPS=''
CURL_DISABLE_MQTT=''
CURL_DISABLE_POP3=''
CURL_DISABLE_PROXY=''
CURL_DISABLE_RTSP=''
CURL_DISABLE_SMB=''
CURL_DISABLE_SMTP=''
CURL_DISABLE_TELNET=''
CURL_DISABLE_TFTP=''
CURL_LT_SHLIB_USE_MIMPURE_TEXT_FALSE=''
CURL_LT_SHLIB_USE_MIMPURE_TEXT_TRUE=''
CURL_LT_SHLIB_USE_NO_UNDEFINED_FALSE=''
CURL_LT_SHLIB_USE_NO_UNDEFINED_TRUE=''
CURL_LT_SHLIB_USE_VERSIONED_SYMBOLS_FALSE=''
CURL_LT_SHLIB_USE_VERSIONED_SYMBOLS_TRUE=''
CURL_LT_SHLIB_USE_VERSION_INFO_FALSE=''
CURL_LT_SHLIB_USE_VERSION_INFO_TRUE=''
CURL_LT_SHLIB_VERSIONED_FLAVOUR=''
CURL_NETWORK_AND_TIME_LIBS=''
CURL_NETWORK_LIBS=''
CURL_PLIST_VERSION=''
CURL_WITH_MULTI_SSL=''
CYGPATH_W='echo'
DEFAULT_SSL_BACKEND=''
DEFS=''
DEPDIR='.deps'
DLLTOOL=''
DOING_CURL_SYMBOL_HIDING_FALSE=''
DOING_CURL_SYMBOL_HIDING_TRUE=''
DOING_NATIVE_WINDOWS_FALSE=''
DOING_NATIVE_WINDOWS_TRUE=''
DSYMUTIL=''
DUMPBIN=''
ECHO_C=''
ECHO_N='-n'
ECHO_T=''
EGREP='/usr/bin/grep -E'
ENABLE_SHARED=''
ENABLE_STATIC=''
ETAGS='etags'
EXEEXT=''
FGREP=''
FILECMD=''
FISH_FUNCTIONS_DIR=''
GCOV=''
GREP='/usr/bin/grep'
HAVE_BROTLI=''
HAVE_GNUTLS_SRP=''
HAVE_LDAP_SSL=''
HAVE_LIBZ=''
HAVE_LIBZ_FALSE=''
HAVE_LIBZ_TRUE=''
HAVE_OPENSSL_SRP=''
HAVE_PROTO_BSDSOCKET_H=''
HAVE_WINDRES_FALSE=''
HAVE_WINDRES_TRUE=''
HAVE_ZSTD=''
HTTPD=''
HTTPD_NGHTTPX=''
IDN_ENABLED=''
INSTALL_DATA='${INSTALL} -m 644'
INSTALL_PROGRAM='${INSTALL}'
INSTALL_SCRIPT='${INSTALL}'
INSTALL_STRIP_PROGRAM='$(install_sh) -c -s'
IPV6_ENABLED=''
LCOV=''
LD=''
LDFLAGS=''
LIBCURL_LIBS=''
LIBCURL_NO_SHARED=''
LIBOBJS=''
LIBS=''
LIBTOOL=''
LIPO=''
LN_S=''
LTLIBOBJS=''
LT_SYS_LIBRARY_PATH=''
MAINT='#'
MAINTAINER_MODE_FALSE=''
MAINTAINER_MODE_TRUE='#'
MAKEINFO='${SHELL} '\''/home/hush-lee/Workspace/LinuxCode/DownloadClient/lib/curl-8.3.0/missing'\'' makeinfo'
MANIFEST_TOOL=''
MANOPT=''
MKDIR_P='/usr/bin/mkdir -p'
NM=''
NMEDIT=''
NROFF=''
OBJDUMP=''
OBJEXT='o'
OTOOL64=''
OTOOL=''
PACKAGE='curl'
PACKAGE_BUGREPORT='a suitable curl mailing list: https://curl.se/mail/'
PACKAGE_NAME='curl'
PACKAGE_STRING='curl -'
PACKAGE_TARNAME='curl'
PACKAGE_URL=''
PACKAGE_VERSION='-'
PATH_SEPARATOR=':'
PERL=''
PKGADD_NAME='curl - a client that groks URLs'
PKGADD_PKG='HAXXcurl'
PKGADD_VENDOR='curl.se'
PKGCONFIG=''
RANDOM_FILE=''
RANLIB=''
RC=''
REQUIRE_LIB_DEPS=''
SED='/usr/bin/sed'
SET_MAKE=''
SHELL='/bin/sh'
SSL_BACKENDS=''
SSL_ENABLED=''
SSL_LIBS=''
STRIP=''
SUPPORT_FEATURES=''
SUPPORT_PROTOCOLS=''
TEST_NGHTTPX='nghttpx'
USE_ARES=''
USE_BEARSSL=''
USE_CPPFLAG_CURL_STATICLIB_FALSE=''
USE_CPPFLAG_CURL_STATICLIB_TRUE=''
USE_EXPLICIT_LIB_DEPS_FALSE=''
USE_EXPLICIT_LIB_DEPS_TRUE=''
USE_GNUTLS=''
USE_GSASL_FALSE=''
USE_GSASL_TRUE=''
USE_HYPER=''
USE_LIBPSL_FALSE=''
USE_LIBPSL_TRUE=''
USE_LIBRTMP=''
USE_LIBSSH2=''
USE_LIBSSH=''
USE_MANUAL_FALSE=''
USE_MANUAL_TRUE=''
USE_MBEDTLS=''
USE_MSH3=''
USE_NGHTTP2=''
USE_NGHTTP3=''
USE_NGTCP2=''
USE_NGTCP2_CRYPTO_GNUTLS=''
USE_NGTCP2_CRYPTO_QUICTLS=''
USE_NGTCP2_CRYPTO_WOLFSSL=''
USE_OPENLDAP=''
USE_QUICHE=''
USE_RUSTLS=''
USE_SCHANNEL=''
USE_SECTRANSP=''
USE_UNIX_SOCKETS=''
USE_WIN32_CRYPTO=''
USE_WIN32_LARGE_FILES=''
USE_WIN32_SMALL_FILES=''
USE_WINDOWS_SSPI=''
USE_WOLFSSH=''
USE_WOLFSSL=''
VERSION='-'
VERSIONNUM='080300'
ZLIB_LIBS=''
ZSH_FUNCTIONS_DIR=''
ac_ct_AR=''
ac_ct_CC='gcc'
ac_ct_DUMPBIN=''
am__EXEEXT_FALSE=''
am__EXEEXT_TRUE=''
am__fastdepCC_FALSE='#'
am__fastdepCC_TRUE=''
am__include='include'
am__isrc=''
am__leading_dot='.'
am__nodep='_no'
am__quote=''
am__tar='$${TAR-tar} chof - "$$tardir"'
am__untar='$${TAR-tar} xf -'
bindir='${exec_prefix}/bin'
build=''
build_alias=''
build_cpu=''
build_os=''
build_vendor=''
datadir='${datarootdir}'
datarootdir='${prefix}/share'
docdir='${datarootdir}/doc/${PACKAGE_TARNAME}'
dvidir='${docdir}'
exec_prefix='NONE'
host=''
host_alias=''
host_cpu=''
host_os=''
host_vendor=''
htmldir='${docdir}'
includedir='${prefix}/include'
infodir='${datarootdir}/info'
install_sh='${SHELL} /home/hush-lee/Workspace/LinuxCode/DownloadClient/lib/curl-8.3.0/install-sh'
libdir='${exec_prefix}/lib'
libexecdir='${exec_prefix}/libexec'
libext=''
localedir='${datarootdir}/locale'
localstatedir='${prefix}/var'
mandir='${datarootdir}/man'
mkdir_p='$(MKDIR_P)'
oldincludedir='/usr/include'
pdfdir='${docdir}'
prefix='NONE'
program_transform_name='s,x,x,'
psdir='${docdir}'
runstatedir='${localstatedir}/run'
sbindir='${exec_prefix}/sbin'
sharedstatedir='${prefix}/com'
sysconfdir='${prefix}/etc'
target_alias=''

## ----------- ##
## confdefs.h. ##
## ----------- ##

/* confdefs.h */
#define PACKAGE_NAME "curl"
#define PACKAGE_TARNAME "curl"
#define PACKAGE_VERSION "-"
#define PACKAGE_STRING "curl -"
#define PACKAGE_BUGREPORT "a suitable curl mailing list: https://curl.se/mail/"
#define PACKAGE_URL ""
#define HAVE_STDIO_H 1
#define HAVE_STDLIB_H 1
#define HAVE_STRING_H 1
#define HAVE_INTTYPES_H 1
#define HAVE_STDINT_H 1
#define HAVE_STRINGS_H 1
#define HAVE_SYS_STAT_H 1
#define HAVE_SYS_TYPES_H 1
#define HAVE_UNISTD_H 1
#define STDC_HEADERS 1
#define HAVE_STDATOMIC_H 1
#define HAVE_ATOMIC 1
#define PACKAGE "curl"
#define VERSION "-"

configure: exit 1
